<?xml version="1.0" encoding="UTF-8"?>
<!-- Generated by org.testng.reporters.JUnitReportReporter -->
<testsuite skipped="0" hostname="inteli7-PC" name="example.NewTest" tests="1" failures="0" timestamp="25 Oct 2018 21:16:47 GMT" time="4.344" errors="0">
  <testcase name="testEasy" time="4.344" classname="example.NewTest"/>
</testsuite> <!-- example.NewTest -->
